{"level":"warn","message":"Acceso no autorizado - Token faltante: GET /api/v1/users desde ::1","service":"focus-up-backend","timestamp":"2025-10-28 13:48:59"}
{"error":"No metadata for \"UserEntity\" was found.","level":"error","message":"Error en UserService.createUser:","service":"focus-up-backend","stack":"EntityMetadataNotFoundError: No metadata for \"UserEntity\" was found.\n    at DataSource.getMetadata (c:\\Users\\juand\\OneDrive\\Documents\\Actividades Sena\\9. Proyecto\\5. Quinto Trimestre\\Focus-Up-BackEnd\\src\\data-source\\DataSource.ts:451:30)\n    at c:\\Users\\juand\\OneDrive\\Documents\\Actividades Sena\\9. Proyecto\\5. Quinto Trimestre\\Focus-Up-BackEnd\\src\\persistence\\EntityPersistExecutor.ts:85:30\n    at Array.forEach (<anonymous>)\n    at c:\\Users\\juand\\OneDrive\\Documents\\Actividades Sena\\9. Proyecto\\5. Quinto Trimestre\\Focus-Up-BackEnd\\src\\persistence\\EntityPersistExecutor.ts:77:30\n    at Array.map (<anonymous>)\n    at EntityPersistExecutor.execute (c:\\Users\\juand\\OneDrive\\Documents\\Actividades Sena\\9. Proyecto\\5. Quinto Trimestre\\Focus-Up-BackEnd\\src\\persistence\\EntityPersistExecutor.ts:73:34)\n    at UserService.createUser (c:\\Users\\juand\\OneDrive\\Documents\\Actividades Sena\\9. Proyecto\\5. Quinto Trimestre\\Focus-Up-BackEnd\\src\\services\\UserService.ts:129:21)\n    at UserController.createUser (c:\\Users\\juand\\OneDrive\\Documents\\Actividades Sena\\9. Proyecto\\5. Quinto Trimestre\\Focus-Up-BackEnd\\src\\controllers\\UserController.ts:21:22)","timestamp":"2025-10-28 13:49:26"}
{"level":"warn","message":"Acceso no autorizado - Token faltante: GET /api/v1/users desde ::1","service":"focus-up-backend","timestamp":"2025-10-28 13:51:13"}
{"level":"warn","message":"Acceso no autorizado - Token faltante: GET /api/v1/beneficios desde ::1","service":"focus-up-backend","timestamp":"2025-10-28 13:51:21"}
{"level":"warn","message":"Acceso no autorizado - Token faltante: GET /api/v1/users desde ::1","service":"focus-up-backend","timestamp":"2025-10-28 13:53:12"}
{"level":"warn","message":"Acceso no autorizado - Token faltante: GET /api/v1/metodos-estudio desde ::1","service":"focus-up-backend","timestamp":"2025-10-28 13:53:26"}
{"level":"warn","message":"Acceso no autorizado - Token faltante: GET /api/v1/metodos-estudio desde ::1","service":"focus-up-backend","timestamp":"2025-10-28 13:53:29"}
{"level":"warn","message":"Acceso no autorizado - Token faltante: GET /api/v1/beneficios desde ::1","service":"focus-up-backend","timestamp":"2025-10-28 13:54:38"}
{"level":"warn","message":"Acceso no autorizado - Token faltante: GET /api/v1/users desde ::1","service":"focus-up-backend","timestamp":"2025-10-28 13:58:06"}
{"level":"info","message":"Auth header received: present for GET /api/v1/users","service":"focus-up-backend","timestamp":"2025-10-28 14:04:30"}
{"level":"info","message":"Token extracted: present","service":"focus-up-backend","timestamp":"2025-10-28 14:04:30"}
{"level":"warn","message":"Acceso no autorizado - Token desconocido: GET /api/v1/users desde ::1 - Error: Token de acceso inválido o expirado","service":"focus-up-backend","timestamp":"2025-10-28 14:04:30"}
{"level":"info","message":"Auth header received: present for GET /api/v1/users","service":"focus-up-backend","timestamp":"2025-10-28 14:11:53"}
{"level":"info","message":"Token extracted: present","service":"focus-up-backend","timestamp":"2025-10-28 14:11:53"}
{"level":"info","message":"Token decoded successfully for userId: 53, email: newtest@example.com","service":"focus-up-backend","timestamp":"2025-10-28 14:11:53"}
{"level":"info","message":"Auth header received: present for GET /api/v1/beneficios","service":"focus-up-backend","timestamp":"2025-10-28 14:12:13"}
{"level":"info","message":"Token extracted: present","service":"focus-up-backend","timestamp":"2025-10-28 14:12:13"}
{"level":"info","message":"Token decoded successfully for userId: 53, email: newtest@example.com","service":"focus-up-backend","timestamp":"2025-10-28 14:12:13"}
{"level":"info","message":"Auth header received: missing for GET /api/v1/beneficios","service":"focus-up-backend","timestamp":"2025-10-28 14:12:26"}
{"level":"info","message":"Token extracted: missing","service":"focus-up-backend","timestamp":"2025-10-28 14:12:26"}
{"level":"warn","message":"Acceso no autorizado - Token faltante: GET /api/v1/beneficios desde ::1","service":"focus-up-backend","timestamp":"2025-10-28 14:12:26"}
{"level":"info","message":"Auth header received: missing for GET /api/v1/users","service":"focus-up-backend","timestamp":"2025-10-28 14:14:27"}
{"level":"info","message":"Token extracted: missing","service":"focus-up-backend","timestamp":"2025-10-28 14:14:27"}
{"level":"warn","message":"Acceso no autorizado - Token faltante: GET /api/v1/users desde ::1","service":"focus-up-backend","timestamp":"2025-10-28 14:14:27"}
{"level":"info","message":"Auth header received: present for GET /api/v1/users","service":"focus-up-backend","timestamp":"2025-10-28 14:14:48"}
{"level":"info","message":"Token extracted: present","service":"focus-up-backend","timestamp":"2025-10-28 14:14:48"}
{"level":"info","message":"Token decoded successfully for userId: 18, email: john@example.com","service":"focus-up-backend","timestamp":"2025-10-28 14:14:48"}
{"level":"info","message":"Auth header received: missing for GET /api/v1/beneficios","service":"focus-up-backend","timestamp":"2025-10-28 14:14:54"}
{"level":"info","message":"Token extracted: missing","service":"focus-up-backend","timestamp":"2025-10-28 14:14:54"}
{"level":"warn","message":"Acceso no autorizado - Token faltante: GET /api/v1/beneficios desde ::1","service":"focus-up-backend","timestamp":"2025-10-28 14:14:54"}
{"level":"info","message":"Auth header received: missing for GET /api/v1/metodos-estudio","service":"focus-up-backend","timestamp":"2025-10-28 14:15:14"}
{"level":"info","message":"Token extracted: missing","service":"focus-up-backend","timestamp":"2025-10-28 14:15:14"}
{"level":"warn","message":"Acceso no autorizado - Token faltante: GET /api/v1/metodos-estudio desde ::1","service":"focus-up-backend","timestamp":"2025-10-28 14:15:14"}
{"level":"info","message":"Auth header received: missing for GET /api/v1/musica","service":"focus-up-backend","timestamp":"2025-10-28 14:16:00"}
{"level":"info","message":"Token extracted: missing","service":"focus-up-backend","timestamp":"2025-10-28 14:16:00"}
{"level":"warn","message":"Acceso no autorizado - Token faltante: GET /api/v1/musica desde ::1","service":"focus-up-backend","timestamp":"2025-10-28 14:16:00"}
{"level":"info","message":"Auth header received: missing for GET /api/v1/musica","service":"focus-up-backend","timestamp":"2025-10-28 14:16:01"}
{"level":"info","message":"Token extracted: missing","service":"focus-up-backend","timestamp":"2025-10-28 14:16:01"}
{"level":"warn","message":"Acceso no autorizado - Token faltante: GET /api/v1/musica desde ::1","service":"focus-up-backend","timestamp":"2025-10-28 14:16:01"}
{"level":"info","message":"Auth header received: missing for GET /api/v1/beneficios","service":"focus-up-backend","timestamp":"2025-10-28 14:16:29"}
{"level":"info","message":"Token extracted: missing","service":"focus-up-backend","timestamp":"2025-10-28 14:16:29"}
{"level":"warn","message":"Acceso no autorizado - Token faltante: GET /api/v1/beneficios desde ::1","service":"focus-up-backend","timestamp":"2025-10-28 14:16:29"}
{"level":"info","message":"Auth header received: missing for GET /api/v1/users","service":"focus-up-backend","timestamp":"2025-10-28 14:16:45"}
{"level":"info","message":"Token extracted: missing","service":"focus-up-backend","timestamp":"2025-10-28 14:16:45"}
{"level":"warn","message":"Acceso no autorizado - Token faltante: GET /api/v1/users desde ::1","service":"focus-up-backend","timestamp":"2025-10-28 14:16:45"}
{"level":"info","message":"Auth header received: missing for GET /api/v1/beneficios","service":"focus-up-backend","timestamp":"2025-10-28 14:16:52"}
{"level":"info","message":"Token extracted: missing","service":"focus-up-backend","timestamp":"2025-10-28 14:16:52"}
{"level":"warn","message":"Acceso no autorizado - Token faltante: GET /api/v1/beneficios desde ::1","service":"focus-up-backend","timestamp":"2025-10-28 14:16:52"}
{"level":"info","message":"Auth header received: present for GET /api/v1/users","service":"focus-up-backend","timestamp":"2025-10-28 14:17:15"}
{"level":"info","message":"Token extracted: present","service":"focus-up-backend","timestamp":"2025-10-28 14:17:15"}
{"level":"info","message":"Token decoded successfully for userId: 18, email: john@example.com","service":"focus-up-backend","timestamp":"2025-10-28 14:17:15"}
{"code":"42P01","driverError":{"code":"42P01","file":"parse_relation.c","length":107,"line":"1449","name":"error","position":"644","routine":"parserOpenTable","severity":"ERROR"},"file":"parse_relation.c","length":107,"level":"error","line":"1449","message":"Error en UserService.getAllUsers: relation \"usuario\" does not exist","parameters":[],"position":"644","query":"SELECT \"UserEntity\".\"id_usuario\" AS \"UserEntity_id_usuario\", \"UserEntity\".\"nombre_usuario\" AS \"UserEntity_nombre_usuario\", \"UserEntity\".\"pais\" AS \"UserEntity_pais\", \"UserEntity\".\"genero\" AS \"UserEntity_genero\", \"UserEntity\".\"fecha_nacimiento\" AS \"UserEntity_fecha_nacimiento\", \"UserEntity\".\"horario_fav\" AS \"UserEntity_horario_fav\", \"UserEntity\".\"correo\" AS \"UserEntity_correo\", \"UserEntity\".\"contrasena\" AS \"UserEntity_contrasena\", \"UserEntity\".\"id_objetivo_estudio\" AS \"UserEntity_id_objetivo_estudio\", \"UserEntity\".\"fecha_creacion\" AS \"UserEntity_fecha_creacion\", \"UserEntity\".\"fecha_actualizacion\" AS \"UserEntity_fecha_actualizacion\" FROM \"usuario\" \"UserEntity\"","routine":"parserOpenTable","service":"focus-up-backend","severity":"ERROR","stack":"QueryFailedError: relation \"usuario\" does not exist\n    at PostgresQueryRunner.query (C:\\Users\\juand\\OneDrive\\Documents\\Actividades Sena\\9. Proyecto\\5. Quinto Trimestre\\Focus-Up-BackEnd\\src\\driver\\postgres\\PostgresQueryRunner.ts:325:19)\n    at processTicksAndRejections (node:internal/process/task_queues:105:5)\n    at SelectQueryBuilder.loadRawResults (C:\\Users\\juand\\OneDrive\\Documents\\Actividades Sena\\9. Proyecto\\5. Quinto Trimestre\\Focus-Up-BackEnd\\src\\query-builder\\SelectQueryBuilder.ts:3863:25)\n    at SelectQueryBuilder.executeEntitiesAndRawResults (C:\\Users\\juand\\OneDrive\\Documents\\Actividades Sena\\9. Proyecto\\5. Quinto Trimestre\\Focus-Up-BackEnd\\src\\query-builder\\SelectQueryBuilder.ts:3609:26)\n    at SelectQueryBuilder.getRawAndEntities (C:\\Users\\juand\\OneDrive\\Documents\\Actividades Sena\\9. Proyecto\\5. Quinto Trimestre\\Focus-Up-BackEnd\\src\\query-builder\\SelectQueryBuilder.ts:1671:29)\n    at SelectQueryBuilder.getMany (C:\\Users\\juand\\OneDrive\\Documents\\Actividades Sena\\9. Proyecto\\5. Quinto Trimestre\\Focus-Up-BackEnd\\src\\query-builder\\SelectQueryBuilder.ts:1761:25)\n    at UserRepository.findAll (C:\\Users\\juand\\OneDrive\\Documents\\Actividades Sena\\9. Proyecto\\5. Quinto Trimestre\\Focus-Up-BackEnd\\src\\repositories\\UserRepository.ts:108:19)\n    at UserService.getAllUsers (C:\\Users\\juand\\OneDrive\\Documents\\Actividades Sena\\9. Proyecto\\5. Quinto Trimestre\\Focus-Up-BackEnd\\src\\services\\UserService.ts:363:21)\n    at UserController.getAllUsers (C:\\Users\\juand\\OneDrive\\Documents\\Actividades Sena\\9. Proyecto\\5. Quinto Trimestre\\Focus-Up-BackEnd\\src\\controllers\\UserController.ts:313:22)","timestamp":"2025-10-28 14:17:16"}
{"level":"info","message":"Auth header received: present for GET /api/v1/users","service":"focus-up-backend","timestamp":"2025-10-28 14:17:23"}
{"level":"info","message":"Token extracted: present","service":"focus-up-backend","timestamp":"2025-10-28 14:17:23"}
{"level":"info","message":"Token decoded successfully for userId: 18, email: john@example.com","service":"focus-up-backend","timestamp":"2025-10-28 14:17:23"}
{"code":"42P01","driverError":{"code":"42P01","file":"parse_relation.c","length":107,"line":"1449","name":"error","position":"644","routine":"parserOpenTable","severity":"ERROR"},"file":"parse_relation.c","length":107,"level":"error","line":"1449","message":"Error en UserService.getAllUsers: relation \"usuario\" does not exist","parameters":[],"position":"644","query":"SELECT \"UserEntity\".\"id_usuario\" AS \"UserEntity_id_usuario\", \"UserEntity\".\"nombre_usuario\" AS \"UserEntity_nombre_usuario\", \"UserEntity\".\"pais\" AS \"UserEntity_pais\", \"UserEntity\".\"genero\" AS \"UserEntity_genero\", \"UserEntity\".\"fecha_nacimiento\" AS \"UserEntity_fecha_nacimiento\", \"UserEntity\".\"horario_fav\" AS \"UserEntity_horario_fav\", \"UserEntity\".\"correo\" AS \"UserEntity_correo\", \"UserEntity\".\"contrasena\" AS \"UserEntity_contrasena\", \"UserEntity\".\"id_objetivo_estudio\" AS \"UserEntity_id_objetivo_estudio\", \"UserEntity\".\"fecha_creacion\" AS \"UserEntity_fecha_creacion\", \"UserEntity\".\"fecha_actualizacion\" AS \"UserEntity_fecha_actualizacion\" FROM \"usuario\" \"UserEntity\"","routine":"parserOpenTable","service":"focus-up-backend","severity":"ERROR","stack":"QueryFailedError: relation \"usuario\" does not exist\n    at PostgresQueryRunner.query (C:\\Users\\juand\\OneDrive\\Documents\\Actividades Sena\\9. Proyecto\\5. Quinto Trimestre\\Focus-Up-BackEnd\\src\\driver\\postgres\\PostgresQueryRunner.ts:325:19)\n    at processTicksAndRejections (node:internal/process/task_queues:105:5)\n    at SelectQueryBuilder.loadRawResults (C:\\Users\\juand\\OneDrive\\Documents\\Actividades Sena\\9. Proyecto\\5. Quinto Trimestre\\Focus-Up-BackEnd\\src\\query-builder\\SelectQueryBuilder.ts:3863:25)\n    at SelectQueryBuilder.executeEntitiesAndRawResults (C:\\Users\\juand\\OneDrive\\Documents\\Actividades Sena\\9. Proyecto\\5. Quinto Trimestre\\Focus-Up-BackEnd\\src\\query-builder\\SelectQueryBuilder.ts:3609:26)\n    at SelectQueryBuilder.getRawAndEntities (C:\\Users\\juand\\OneDrive\\Documents\\Actividades Sena\\9. Proyecto\\5. Quinto Trimestre\\Focus-Up-BackEnd\\src\\query-builder\\SelectQueryBuilder.ts:1671:29)\n    at SelectQueryBuilder.getMany (C:\\Users\\juand\\OneDrive\\Documents\\Actividades Sena\\9. Proyecto\\5. Quinto Trimestre\\Focus-Up-BackEnd\\src\\query-builder\\SelectQueryBuilder.ts:1761:25)\n    at UserRepository.findAll (C:\\Users\\juand\\OneDrive\\Documents\\Actividades Sena\\9. Proyecto\\5. Quinto Trimestre\\Focus-Up-BackEnd\\src\\repositories\\UserRepository.ts:108:19)\n    at UserService.getAllUsers (C:\\Users\\juand\\OneDrive\\Documents\\Actividades Sena\\9. Proyecto\\5. Quinto Trimestre\\Focus-Up-BackEnd\\src\\services\\UserService.ts:363:21)\n    at UserController.getAllUsers (C:\\Users\\juand\\OneDrive\\Documents\\Actividades Sena\\9. Proyecto\\5. Quinto Trimestre\\Focus-Up-BackEnd\\src\\controllers\\UserController.ts:313:22)","timestamp":"2025-10-28 14:17:23"}
{"level":"info","message":"Auth header received: missing for GET /api/v1/users","service":"focus-up-backend","timestamp":"2025-10-28 14:18:01"}
{"level":"info","message":"Token extracted: missing","service":"focus-up-backend","timestamp":"2025-10-28 14:18:01"}
{"level":"warn","message":"Acceso no autorizado - Token faltante: GET /api/v1/users desde ::1","service":"focus-up-backend","timestamp":"2025-10-28 14:18:01"}
{"level":"info","message":"Auth header received: present for GET /api/v1/users/profile","service":"focus-up-backend","timestamp":"2025-10-28 14:19:37"}
{"level":"info","message":"Token extracted: present","service":"focus-up-backend","timestamp":"2025-10-28 14:19:37"}
{"level":"info","message":"Token decoded successfully for userId: 18, email: john@example.com","service":"focus-up-backend","timestamp":"2025-10-28 14:19:37"}
{"level":"info","message":"Auth header received: present for GET /api/v1/users/profile","service":"focus-up-backend","timestamp":"2025-10-28 14:19:37"}
{"level":"info","message":"Token extracted: present","service":"focus-up-backend","timestamp":"2025-10-28 14:19:37"}
{"level":"info","message":"Token decoded successfully for userId: 18, email: john@example.com","service":"focus-up-backend","timestamp":"2025-10-28 14:19:37"}
{"level":"info","message":"Auth header received: present for GET /api/v1/users/profile","service":"focus-up-backend","timestamp":"2025-10-28 14:19:37"}
{"level":"info","message":"Token extracted: present","service":"focus-up-backend","timestamp":"2025-10-28 14:19:37"}
{"level":"info","message":"Token decoded successfully for userId: 18, email: john@example.com","service":"focus-up-backend","timestamp":"2025-10-28 14:19:37"}
{"level":"info","message":"Auth header received: present for GET /api/v1/users/profile","service":"focus-up-backend","timestamp":"2025-10-28 14:19:46"}
{"level":"info","message":"Token extracted: present","service":"focus-up-backend","timestamp":"2025-10-28 14:19:46"}
{"level":"info","message":"Token decoded successfully for userId: 18, email: john@example.com","service":"focus-up-backend","timestamp":"2025-10-28 14:19:46"}
{"level":"info","message":"Auth header received: present for GET /api/v1/users/profile","service":"focus-up-backend","timestamp":"2025-10-28 14:19:46"}
{"level":"info","message":"Token extracted: present","service":"focus-up-backend","timestamp":"2025-10-28 14:19:46"}
{"level":"info","message":"Token decoded successfully for userId: 18, email: john@example.com","service":"focus-up-backend","timestamp":"2025-10-28 14:19:46"}
{"level":"info","message":"Auth header received: missing for GET /api/v1/metodos-estudio","service":"focus-up-backend","timestamp":"2025-10-28 14:19:46"}
{"level":"info","message":"Token extracted: missing","service":"focus-up-backend","timestamp":"2025-10-28 14:19:46"}
{"level":"warn","message":"Acceso no autorizado - Token faltante: GET /api/v1/metodos-estudio desde ::1","service":"focus-up-backend","timestamp":"2025-10-28 14:19:46"}
{"level":"info","message":"Auth header received: missing for GET /api/v1/metodos-estudio","service":"focus-up-backend","timestamp":"2025-10-28 14:19:46"}
{"level":"info","message":"Token extracted: missing","service":"focus-up-backend","timestamp":"2025-10-28 14:19:46"}
{"level":"warn","message":"Acceso no autorizado - Token faltante: GET /api/v1/metodos-estudio desde ::1","service":"focus-up-backend","timestamp":"2025-10-28 14:19:46"}
{"level":"info","message":"Auth header received: present for GET /api/v1/users/profile","service":"focus-up-backend","timestamp":"2025-10-28 14:19:48"}
{"level":"info","message":"Token extracted: present","service":"focus-up-backend","timestamp":"2025-10-28 14:19:48"}
{"level":"info","message":"Token decoded successfully for userId: 18, email: john@example.com","service":"focus-up-backend","timestamp":"2025-10-28 14:19:48"}
{"level":"info","message":"Auth header received: present for GET /api/v1/users/profile","service":"focus-up-backend","timestamp":"2025-10-28 14:19:48"}
{"level":"info","message":"Token extracted: present","service":"focus-up-backend","timestamp":"2025-10-28 14:19:48"}
{"level":"info","message":"Token decoded successfully for userId: 18, email: john@example.com","service":"focus-up-backend","timestamp":"2025-10-28 14:19:48"}
{"level":"info","message":"Auth header received: missing for GET /api/v1/metodos-estudio","service":"focus-up-backend","timestamp":"2025-10-28 14:19:48"}
{"level":"info","message":"Token extracted: missing","service":"focus-up-backend","timestamp":"2025-10-28 14:19:48"}
{"level":"warn","message":"Acceso no autorizado - Token faltante: GET /api/v1/metodos-estudio desde ::1","service":"focus-up-backend","timestamp":"2025-10-28 14:19:48"}
{"level":"info","message":"Auth header received: missing for GET /api/v1/metodos-estudio","service":"focus-up-backend","timestamp":"2025-10-28 14:19:48"}
{"level":"info","message":"Token extracted: missing","service":"focus-up-backend","timestamp":"2025-10-28 14:19:48"}
{"level":"warn","message":"Acceso no autorizado - Token faltante: GET /api/v1/metodos-estudio desde ::1","service":"focus-up-backend","timestamp":"2025-10-28 14:19:48"}
{"level":"info","message":"Auth header received: missing for GET /api/v1/users","service":"focus-up-backend","timestamp":"2025-10-28 14:20:06"}
{"level":"info","message":"Token extracted: missing","service":"focus-up-backend","timestamp":"2025-10-28 14:20:06"}
{"level":"warn","message":"Acceso no autorizado - Token faltante: GET /api/v1/users desde ::1","service":"focus-up-backend","timestamp":"2025-10-28 14:20:06"}
{"level":"info","message":"Auth header received: present for GET /api/v1/users","service":"focus-up-backend","timestamp":"2025-10-28 14:20:16"}
{"level":"info","message":"Token extracted: present","service":"focus-up-backend","timestamp":"2025-10-28 14:20:16"}
{"level":"info","message":"Token decoded successfully for userId: 18, email: john@example.com","service":"focus-up-backend","timestamp":"2025-10-28 14:20:16"}
{"level":"info","message":"Auth header received: missing for GET /api/v1/metodos-estudio","service":"focus-up-backend","timestamp":"2025-10-28 14:20:27"}
{"level":"info","message":"Token extracted: missing","service":"focus-up-backend","timestamp":"2025-10-28 14:20:27"}
{"level":"warn","message":"Acceso no autorizado - Token faltante: GET /api/v1/metodos-estudio desde ::1","service":"focus-up-backend","timestamp":"2025-10-28 14:20:27"}
{"level":"info","message":"Auth header received: missing for GET /api/v1/metodos-estudio","service":"focus-up-backend","timestamp":"2025-10-28 14:20:29"}
{"level":"info","message":"Token extracted: missing","service":"focus-up-backend","timestamp":"2025-10-28 14:20:29"}
{"level":"warn","message":"Acceso no autorizado - Token faltante: GET /api/v1/metodos-estudio desde ::1","service":"focus-up-backend","timestamp":"2025-10-28 14:20:29"}
{"level":"info","message":"Auth header received: missing for GET /api/v1/beneficios","service":"focus-up-backend","timestamp":"2025-10-28 14:22:00"}
{"level":"info","message":"Token extracted: missing","service":"focus-up-backend","timestamp":"2025-10-28 14:22:00"}
{"level":"warn","message":"Acceso no autorizado - Token faltante: GET /api/v1/beneficios desde ::1","service":"focus-up-backend","timestamp":"2025-10-28 14:22:00"}
{"level":"info","message":"Auth header received: missing for GET /api/v1/musica","service":"focus-up-backend","timestamp":"2025-10-28 14:22:20"}
{"level":"info","message":"Token extracted: missing","service":"focus-up-backend","timestamp":"2025-10-28 14:22:20"}
{"level":"warn","message":"Acceso no autorizado - Token faltante: GET /api/v1/musica desde ::1","service":"focus-up-backend","timestamp":"2025-10-28 14:22:20"}
{"level":"info","message":"Auth header received: missing for GET /api/v1/eventos","service":"focus-up-backend","timestamp":"2025-10-28 14:22:25"}
{"level":"info","message":"Token extracted: missing","service":"focus-up-backend","timestamp":"2025-10-28 14:22:25"}
{"level":"warn","message":"Acceso no autorizado - Token faltante: GET /api/v1/eventos desde ::1","service":"focus-up-backend","timestamp":"2025-10-28 14:22:25"}
{"level":"info","message":"Auth header received: present for GET /api/v1/users/profile","service":"focus-up-backend","timestamp":"2025-10-28 14:25:30"}
{"level":"info","message":"Token extracted: present","service":"focus-up-backend","timestamp":"2025-10-28 14:25:30"}
{"level":"info","message":"Token decoded successfully for userId: 18, email: john@example.com","service":"focus-up-backend","timestamp":"2025-10-28 14:25:30"}
{"level":"info","message":"Auth header received: present for GET /api/v1/users/profile","service":"focus-up-backend","timestamp":"2025-10-28 14:25:30"}
{"level":"info","message":"Token extracted: present","service":"focus-up-backend","timestamp":"2025-10-28 14:25:30"}
{"level":"info","message":"Token decoded successfully for userId: 18, email: john@example.com","service":"focus-up-backend","timestamp":"2025-10-28 14:25:30"}
{"level":"info","message":"Auth header received: present for GET /api/v1/beneficios","service":"focus-up-backend","timestamp":"2025-10-28 14:25:40"}
{"level":"info","message":"Token extracted: present","service":"focus-up-backend","timestamp":"2025-10-28 14:25:40"}
{"level":"info","message":"Token decoded successfully for userId: 53, email: newtest@example.com","service":"focus-up-backend","timestamp":"2025-10-28 14:25:40"}
{"level":"info","message":"Auth header received: present for GET /api/v1/metodos-estudio","service":"focus-up-backend","timestamp":"2025-10-28 14:25:55"}
{"level":"info","message":"Token extracted: present","service":"focus-up-backend","timestamp":"2025-10-28 14:25:55"}
{"level":"info","message":"Token decoded successfully for userId: 53, email: newtest@example.com","service":"focus-up-backend","timestamp":"2025-10-28 14:25:55"}
{"level":"info","message":"Auth header received: present for GET /api/v1/musica","service":"focus-up-backend","timestamp":"2025-10-28 14:26:08"}
{"level":"info","message":"Token extracted: present","service":"focus-up-backend","timestamp":"2025-10-28 14:26:08"}
{"level":"info","message":"Token decoded successfully for userId: 53, email: newtest@example.com","service":"focus-up-backend","timestamp":"2025-10-28 14:26:08"}
{"level":"info","message":"Auth header received: present for GET /api/v1/eventos","service":"focus-up-backend","timestamp":"2025-10-28 14:26:20"}
{"level":"info","message":"Token extracted: present","service":"focus-up-backend","timestamp":"2025-10-28 14:26:20"}
{"level":"info","message":"Token decoded successfully for userId: 53, email: newtest@example.com","service":"focus-up-backend","timestamp":"2025-10-28 14:26:20"}
{"level":"info","message":"Auth header received: present for GET /api/v1/users/profile","service":"focus-up-backend","timestamp":"2025-10-28 14:26:50"}
{"level":"info","message":"Token extracted: present","service":"focus-up-backend","timestamp":"2025-10-28 14:26:50"}
{"level":"info","message":"Token decoded successfully for userId: 18, email: john@example.com","service":"focus-up-backend","timestamp":"2025-10-28 14:26:50"}
{"level":"info","message":"Auth header received: present for GET /api/v1/users/profile","service":"focus-up-backend","timestamp":"2025-10-28 14:26:50"}
{"level":"info","message":"Token extracted: present","service":"focus-up-backend","timestamp":"2025-10-28 14:26:50"}
{"level":"info","message":"Token decoded successfully for userId: 18, email: john@example.com","service":"focus-up-backend","timestamp":"2025-10-28 14:26:50"}
{"level":"info","message":"Auth header received: missing for GET /api/v1/metodos-estudio","service":"focus-up-backend","timestamp":"2025-10-28 14:26:50"}
{"level":"info","message":"Token extracted: missing","service":"focus-up-backend","timestamp":"2025-10-28 14:26:50"}
{"level":"warn","message":"Acceso no autorizado - Token faltante: GET /api/v1/metodos-estudio desde ::1","service":"focus-up-backend","timestamp":"2025-10-28 14:26:50"}
{"level":"info","message":"Auth header received: missing for GET /api/v1/metodos-estudio","service":"focus-up-backend","timestamp":"2025-10-28 14:26:50"}
{"level":"info","message":"Token extracted: missing","service":"focus-up-backend","timestamp":"2025-10-28 14:26:50"}
{"level":"warn","message":"Acceso no autorizado - Token faltante: GET /api/v1/metodos-estudio desde ::1","service":"focus-up-backend","timestamp":"2025-10-28 14:26:50"}
{"level":"info","message":"Auth header received: present for GET /api/v1/users/profile","service":"focus-up-backend","timestamp":"2025-10-28 14:26:50"}
{"level":"info","message":"Token extracted: present","service":"focus-up-backend","timestamp":"2025-10-28 14:26:50"}
{"level":"info","message":"Token decoded successfully for userId: 18, email: john@example.com","service":"focus-up-backend","timestamp":"2025-10-28 14:26:51"}
{"level":"info","message":"Auth header received: present for GET /api/v1/users/profile","service":"focus-up-backend","timestamp":"2025-10-28 14:26:51"}
{"level":"info","message":"Token extracted: present","service":"focus-up-backend","timestamp":"2025-10-28 14:26:51"}
{"level":"info","message":"Token decoded successfully for userId: 18, email: john@example.com","service":"focus-up-backend","timestamp":"2025-10-28 14:26:51"}
{"level":"info","message":"Auth header received: missing for GET /api/v1/metodos-estudio","service":"focus-up-backend","timestamp":"2025-10-28 14:26:51"}
{"level":"info","message":"Token extracted: missing","service":"focus-up-backend","timestamp":"2025-10-28 14:26:51"}
{"level":"warn","message":"Acceso no autorizado - Token faltante: GET /api/v1/metodos-estudio desde ::1","service":"focus-up-backend","timestamp":"2025-10-28 14:26:51"}
{"level":"info","message":"Auth header received: missing for GET /api/v1/metodos-estudio","service":"focus-up-backend","timestamp":"2025-10-28 14:26:51"}
{"level":"info","message":"Token extracted: missing","service":"focus-up-backend","timestamp":"2025-10-28 14:26:51"}
{"level":"warn","message":"Acceso no autorizado - Token faltante: GET /api/v1/metodos-estudio desde ::1","service":"focus-up-backend","timestamp":"2025-10-28 14:26:51"}
{"level":"info","message":"Auth header received: present for GET /api/v1/users/profile","service":"focus-up-backend","timestamp":"2025-10-28 14:27:06"}
{"level":"info","message":"Token extracted: present","service":"focus-up-backend","timestamp":"2025-10-28 14:27:06"}
{"level":"info","message":"Token decoded successfully for userId: 18, email: john@example.com","service":"focus-up-backend","timestamp":"2025-10-28 14:27:06"}
{"level":"info","message":"Auth header received: present for GET /api/v1/users/profile","service":"focus-up-backend","timestamp":"2025-10-28 14:27:06"}
{"level":"info","message":"Token extracted: present","service":"focus-up-backend","timestamp":"2025-10-28 14:27:06"}
{"level":"info","message":"Token decoded successfully for userId: 18, email: john@example.com","service":"focus-up-backend","timestamp":"2025-10-28 14:27:06"}
{"level":"info","message":"Auth header received: present for GET /api/v1/users/profile","service":"focus-up-backend","timestamp":"2025-10-28 14:27:06"}
{"level":"info","message":"Token extracted: present","service":"focus-up-backend","timestamp":"2025-10-28 14:27:06"}
{"level":"info","message":"Token decoded successfully for userId: 18, email: john@example.com","service":"focus-up-backend","timestamp":"2025-10-28 14:27:06"}
{"level":"info","message":"Auth header received: present for GET /api/v1/users/profile","service":"focus-up-backend","timestamp":"2025-10-28 14:27:07"}
{"level":"info","message":"Token extracted: present","service":"focus-up-backend","timestamp":"2025-10-28 14:27:07"}
{"level":"info","message":"Token decoded successfully for userId: 18, email: john@example.com","service":"focus-up-backend","timestamp":"2025-10-28 14:27:07"}
{"level":"info","message":"Auth header received: present for GET /api/v1/users/profile","service":"focus-up-backend","timestamp":"2025-10-28 14:27:07"}
{"level":"info","message":"Token extracted: present","service":"focus-up-backend","timestamp":"2025-10-28 14:27:07"}
{"level":"info","message":"Token decoded successfully for userId: 18, email: john@example.com","service":"focus-up-backend","timestamp":"2025-10-28 14:27:07"}
{"level":"info","message":"Auth header received: missing for GET /api/v1/metodos-estudio","service":"focus-up-backend","timestamp":"2025-10-28 14:27:07"}
{"level":"info","message":"Token extracted: missing","service":"focus-up-backend","timestamp":"2025-10-28 14:27:07"}
{"level":"warn","message":"Acceso no autorizado - Token faltante: GET /api/v1/metodos-estudio desde ::1","service":"focus-up-backend","timestamp":"2025-10-28 14:27:07"}
{"level":"info","message":"Auth header received: missing for GET /api/v1/metodos-estudio","service":"focus-up-backend","timestamp":"2025-10-28 14:27:07"}
{"level":"info","message":"Token extracted: missing","service":"focus-up-backend","timestamp":"2025-10-28 14:27:07"}
{"level":"warn","message":"Acceso no autorizado - Token faltante: GET /api/v1/metodos-estudio desde ::1","service":"focus-up-backend","timestamp":"2025-10-28 14:27:07"}
{"level":"info","message":"Auth header received: missing for GET /api/v1/users","service":"focus-up-backend","timestamp":"2025-10-28 14:27:17"}
{"level":"info","message":"Token extracted: missing","service":"focus-up-backend","timestamp":"2025-10-28 14:27:17"}
{"level":"warn","message":"Acceso no autorizado - Token faltante: GET /api/v1/users desde ::1","service":"focus-up-backend","timestamp":"2025-10-28 14:27:17"}
{"level":"info","message":"Auth header received: present for GET /api/v1/users","service":"focus-up-backend","timestamp":"2025-10-28 14:27:36"}
{"level":"info","message":"Token extracted: present","service":"focus-up-backend","timestamp":"2025-10-28 14:27:36"}
{"level":"info","message":"Token decoded successfully for userId: 18, email: john@example.com","service":"focus-up-backend","timestamp":"2025-10-28 14:27:36"}
{"level":"info","message":"Auth header received: missing for GET /api/v1/metodos-estudio","service":"focus-up-backend","timestamp":"2025-10-28 14:27:42"}
{"level":"info","message":"Token extracted: missing","service":"focus-up-backend","timestamp":"2025-10-28 14:27:42"}
{"level":"warn","message":"Acceso no autorizado - Token faltante: GET /api/v1/metodos-estudio desde ::1","service":"focus-up-backend","timestamp":"2025-10-28 14:27:42"}
{"level":"info","message":"Auth header received: present for GET /api/v1/musica","service":"focus-up-backend","timestamp":"2025-10-28 14:29:52"}
{"level":"info","message":"Token extracted: present","service":"focus-up-backend","timestamp":"2025-10-28 14:29:52"}
{"level":"warn","message":"Acceso no autorizado - Token desconocido: GET /api/v1/musica desde ::1 - Error: Token de acceso inválido o expirado","service":"focus-up-backend","timestamp":"2025-10-28 14:29:52"}
{"level":"info","message":"Auth header received: present for GET /api/v1/musica","service":"focus-up-backend","timestamp":"2025-10-28 14:35:07"}
{"level":"info","message":"Token extracted: present","service":"focus-up-backend","timestamp":"2025-10-28 14:35:07"}
{"level":"info","message":"Token decoded successfully for userId: 18, email: john@example.com","service":"focus-up-backend","timestamp":"2025-10-28 14:35:07"}
{"level":"info","message":"Auth header received: missing for GET /api/v1/beneficios","service":"focus-up-backend","timestamp":"2025-10-28 14:36:08"}
{"level":"info","message":"Token extracted: missing","service":"focus-up-backend","timestamp":"2025-10-28 14:36:08"}
{"level":"warn","message":"Acceso no autorizado - Token faltante: GET /api/v1/beneficios desde ::1","service":"focus-up-backend","timestamp":"2025-10-28 14:36:08"}
{"level":"info","message":"Auth header received: missing for GET /api/v1/beneficios","service":"focus-up-backend","timestamp":"2025-10-28 14:36:36"}
{"level":"info","message":"Token extracted: missing","service":"focus-up-backend","timestamp":"2025-10-28 14:36:36"}
{"level":"warn","message":"Acceso no autorizado - Token faltante: GET /api/v1/beneficios desde ::1","service":"focus-up-backend","timestamp":"2025-10-28 14:36:36"}
{"level":"info","message":"Auth header received: missing for GET /api/v1/beneficios","service":"focus-up-backend","timestamp":"2025-10-28 14:36:49"}
{"level":"info","message":"Token extracted: missing","service":"focus-up-backend","timestamp":"2025-10-28 14:36:49"}
{"level":"warn","message":"Acceso no autorizado - Token faltante: GET /api/v1/beneficios desde ::1","service":"focus-up-backend","timestamp":"2025-10-28 14:36:49"}
{"level":"info","message":"Auth header received: missing for GET /api/v1/beneficios","service":"focus-up-backend","timestamp":"2025-10-28 14:42:08"}
{"level":"info","message":"Token extracted: missing","service":"focus-up-backend","timestamp":"2025-10-28 14:42:08"}
{"level":"warn","message":"Acceso no autorizado - Token faltante: GET /api/v1/beneficios desde ::1","service":"focus-up-backend","timestamp":"2025-10-28 14:42:08"}
{"level":"info","message":"Auth header received: present for GET /api/v1/users/profile","service":"focus-up-backend","timestamp":"2025-10-28 14:42:18"}
{"level":"info","message":"Token extracted: present","service":"focus-up-backend","timestamp":"2025-10-28 14:42:18"}
{"level":"warn","message":"Acceso no autorizado - Token desconocido: GET /api/v1/users/profile desde ::1 - Error: Token de acceso inválido o expirado","service":"focus-up-backend","timestamp":"2025-10-28 14:42:18"}
{"level":"info","message":"Auth header received: present for GET /api/v1/users/profile","service":"focus-up-backend","timestamp":"2025-10-28 14:42:18"}
{"level":"info","message":"Token extracted: present","service":"focus-up-backend","timestamp":"2025-10-28 14:42:18"}
{"level":"warn","message":"Acceso no autorizado - Token desconocido: GET /api/v1/users/profile desde ::1 - Error: Token de acceso inválido o expirado","service":"focus-up-backend","timestamp":"2025-10-28 14:42:18"}
{"level":"info","message":"Auth header received: missing for GET /api/v1/metodos-estudio","service":"focus-up-backend","timestamp":"2025-10-28 14:42:18"}
{"level":"info","message":"Token extracted: missing","service":"focus-up-backend","timestamp":"2025-10-28 14:42:18"}
{"level":"warn","message":"Acceso no autorizado - Token faltante: GET /api/v1/metodos-estudio desde ::1","service":"focus-up-backend","timestamp":"2025-10-28 14:42:18"}
{"level":"info","message":"Auth header received: missing for GET /api/v1/metodos-estudio","service":"focus-up-backend","timestamp":"2025-10-28 14:42:18"}
{"level":"info","message":"Token extracted: missing","service":"focus-up-backend","timestamp":"2025-10-28 14:42:18"}
{"level":"warn","message":"Acceso no autorizado - Token faltante: GET /api/v1/metodos-estudio desde ::1","service":"focus-up-backend","timestamp":"2025-10-28 14:42:18"}
{"error":"relation \"usuario\" does not exist","level":"error","message":"Error en UserService.createUser:","service":"focus-up-backend","stack":"QueryFailedError: relation \"usuario\" does not exist\n    at PostgresQueryRunner.query (C:\\Users\\juand\\OneDrive\\Documents\\Actividades Sena\\9. Proyecto\\5. Quinto Trimestre\\Focus-Up-BackEnd\\src\\driver\\postgres\\PostgresQueryRunner.ts:325:19)\n    at processTicksAndRejections (node:internal/process/task_queues:105:5)\n    at SelectQueryBuilder.loadRawResults (C:\\Users\\juand\\OneDrive\\Documents\\Actividades Sena\\9. Proyecto\\5. Quinto Trimestre\\Focus-Up-BackEnd\\src\\query-builder\\SelectQueryBuilder.ts:3863:25)\n    at SelectQueryBuilder.executeCountQuery (C:\\Users\\juand\\OneDrive\\Documents\\Actividades Sena\\9. Proyecto\\5. Quinto Trimestre\\Focus-Up-BackEnd\\src\\query-builder\\SelectQueryBuilder.ts:3097:25)\n    at SelectQueryBuilder.getCount (C:\\Users\\juand\\OneDrive\\Documents\\Actividades Sena\\9. Proyecto\\5. Quinto Trimestre\\Focus-Up-BackEnd\\src\\query-builder\\SelectQueryBuilder.ts:1786:29)\n    at UserService.createUser (C:\\Users\\juand\\OneDrive\\Documents\\Actividades Sena\\9. Proyecto\\5. Quinto Trimestre\\Focus-Up-BackEnd\\src\\services\\UserService.ts:89:10)\n    at UserController.createUser (C:\\Users\\juand\\OneDrive\\Documents\\Actividades Sena\\9. Proyecto\\5. Quinto Trimestre\\Focus-Up-BackEnd\\src\\controllers\\UserController.ts:21:22)","timestamp":"2025-10-28 14:43:04"}
{"error":"relation \"usuario\" does not exist","level":"error","message":"Error en UserService.createUser:","service":"focus-up-backend","stack":"QueryFailedError: relation \"usuario\" does not exist\n    at PostgresQueryRunner.query (C:\\Users\\juand\\OneDrive\\Documents\\Actividades Sena\\9. Proyecto\\5. Quinto Trimestre\\Focus-Up-BackEnd\\src\\driver\\postgres\\PostgresQueryRunner.ts:325:19)\n    at processTicksAndRejections (node:internal/process/task_queues:105:5)\n    at SelectQueryBuilder.loadRawResults (C:\\Users\\juand\\OneDrive\\Documents\\Actividades Sena\\9. Proyecto\\5. Quinto Trimestre\\Focus-Up-BackEnd\\src\\query-builder\\SelectQueryBuilder.ts:3863:25)\n    at SelectQueryBuilder.executeCountQuery (C:\\Users\\juand\\OneDrive\\Documents\\Actividades Sena\\9. Proyecto\\5. Quinto Trimestre\\Focus-Up-BackEnd\\src\\query-builder\\SelectQueryBuilder.ts:3097:25)\n    at SelectQueryBuilder.getCount (C:\\Users\\juand\\OneDrive\\Documents\\Actividades Sena\\9. Proyecto\\5. Quinto Trimestre\\Focus-Up-BackEnd\\src\\query-builder\\SelectQueryBuilder.ts:1786:29)\n    at UserService.createUser (C:\\Users\\juand\\OneDrive\\Documents\\Actividades Sena\\9. Proyecto\\5. Quinto Trimestre\\Focus-Up-BackEnd\\src\\services\\UserService.ts:89:10)\n    at UserController.createUser (C:\\Users\\juand\\OneDrive\\Documents\\Actividades Sena\\9. Proyecto\\5. Quinto Trimestre\\Focus-Up-BackEnd\\src\\controllers\\UserController.ts:21:22)","timestamp":"2025-10-28 14:43:59"}
{"error":"relation \"usuario\" does not exist","level":"error","message":"Error en UserService.createUser:","service":"focus-up-backend","stack":"QueryFailedError: relation \"usuario\" does not exist\n    at PostgresQueryRunner.query (C:\\Users\\juand\\OneDrive\\Documents\\Actividades Sena\\9. Proyecto\\5. Quinto Trimestre\\Focus-Up-BackEnd\\src\\driver\\postgres\\PostgresQueryRunner.ts:325:19)\n    at processTicksAndRejections (node:internal/process/task_queues:105:5)\n    at SelectQueryBuilder.loadRawResults (C:\\Users\\juand\\OneDrive\\Documents\\Actividades Sena\\9. Proyecto\\5. Quinto Trimestre\\Focus-Up-BackEnd\\src\\query-builder\\SelectQueryBuilder.ts:3863:25)\n    at SelectQueryBuilder.executeCountQuery (C:\\Users\\juand\\OneDrive\\Documents\\Actividades Sena\\9. Proyecto\\5. Quinto Trimestre\\Focus-Up-BackEnd\\src\\query-builder\\SelectQueryBuilder.ts:3097:25)\n    at SelectQueryBuilder.getCount (C:\\Users\\juand\\OneDrive\\Documents\\Actividades Sena\\9. Proyecto\\5. Quinto Trimestre\\Focus-Up-BackEnd\\src\\query-builder\\SelectQueryBuilder.ts:1786:29)\n    at UserService.createUser (C:\\Users\\juand\\OneDrive\\Documents\\Actividades Sena\\9. Proyecto\\5. Quinto Trimestre\\Focus-Up-BackEnd\\src\\services\\UserService.ts:89:10)\n    at UserController.createUser (C:\\Users\\juand\\OneDrive\\Documents\\Actividades Sena\\9. Proyecto\\5. Quinto Trimestre\\Focus-Up-BackEnd\\src\\controllers\\UserController.ts:21:22)","timestamp":"2025-10-28 14:44:35"}
{"error":"relation \"usuario\" does not exist","level":"error","message":"Error en UserService.createUser:","service":"focus-up-backend","stack":"QueryFailedError: relation \"usuario\" does not exist\n    at PostgresQueryRunner.query (c:\\Users\\juand\\OneDrive\\Documents\\Actividades Sena\\9. Proyecto\\5. Quinto Trimestre\\Focus-Up-BackEnd\\src\\driver\\postgres\\PostgresQueryRunner.ts:325:19)\n    at processTicksAndRejections (node:internal/process/task_queues:105:5)\n    at SelectQueryBuilder.loadRawResults (c:\\Users\\juand\\OneDrive\\Documents\\Actividades Sena\\9. Proyecto\\5. Quinto Trimestre\\Focus-Up-BackEnd\\src\\query-builder\\SelectQueryBuilder.ts:3863:25)\n    at SelectQueryBuilder.executeCountQuery (c:\\Users\\juand\\OneDrive\\Documents\\Actividades Sena\\9. Proyecto\\5. Quinto Trimestre\\Focus-Up-BackEnd\\src\\query-builder\\SelectQueryBuilder.ts:3097:25)\n    at SelectQueryBuilder.getCount (c:\\Users\\juand\\OneDrive\\Documents\\Actividades Sena\\9. Proyecto\\5. Quinto Trimestre\\Focus-Up-BackEnd\\src\\query-builder\\SelectQueryBuilder.ts:1786:29)\n    at UserService.createUser (c:\\Users\\juand\\OneDrive\\Documents\\Actividades Sena\\9. Proyecto\\5. Quinto Trimestre\\Focus-Up-BackEnd\\src\\services\\UserService.ts:89:10)\n    at UserController.createUser (c:\\Users\\juand\\OneDrive\\Documents\\Actividades Sena\\9. Proyecto\\5. Quinto Trimestre\\Focus-Up-BackEnd\\src\\controllers\\UserController.ts:21:22)","timestamp":"2025-10-28 14:50:22"}
{"error":"relation \"usuario\" does not exist","level":"error","message":"Error en UserService.createUser:","service":"focus-up-backend","stack":"QueryFailedError: relation \"usuario\" does not exist\n    at PostgresQueryRunner.query (c:\\Users\\juand\\OneDrive\\Documents\\Actividades Sena\\9. Proyecto\\5. Quinto Trimestre\\Focus-Up-BackEnd\\src\\driver\\postgres\\PostgresQueryRunner.ts:325:19)\n    at processTicksAndRejections (node:internal/process/task_queues:105:5)\n    at SelectQueryBuilder.loadRawResults (c:\\Users\\juand\\OneDrive\\Documents\\Actividades Sena\\9. Proyecto\\5. Quinto Trimestre\\Focus-Up-BackEnd\\src\\query-builder\\SelectQueryBuilder.ts:3863:25)\n    at SelectQueryBuilder.executeCountQuery (c:\\Users\\juand\\OneDrive\\Documents\\Actividades Sena\\9. Proyecto\\5. Quinto Trimestre\\Focus-Up-BackEnd\\src\\query-builder\\SelectQueryBuilder.ts:3097:25)\n    at SelectQueryBuilder.getCount (c:\\Users\\juand\\OneDrive\\Documents\\Actividades Sena\\9. Proyecto\\5. Quinto Trimestre\\Focus-Up-BackEnd\\src\\query-builder\\SelectQueryBuilder.ts:1786:29)\n    at UserService.createUser (c:\\Users\\juand\\OneDrive\\Documents\\Actividades Sena\\9. Proyecto\\5. Quinto Trimestre\\Focus-Up-BackEnd\\src\\services\\UserService.ts:89:10)\n    at UserController.createUser (c:\\Users\\juand\\OneDrive\\Documents\\Actividades Sena\\9. Proyecto\\5. Quinto Trimestre\\Focus-Up-BackEnd\\src\\controllers\\UserController.ts:21:22)","timestamp":"2025-10-28 14:51:04"}
{"level":"info","message":"Auth header received: present for GET /api/v1/beneficios","service":"focus-up-backend","timestamp":"2025-10-28 14:51:33"}
{"level":"info","message":"Token extracted: present","service":"focus-up-backend","timestamp":"2025-10-28 14:51:33"}
{"level":"warn","message":"Acceso no autorizado - Token desconocido: GET /api/v1/beneficios desde ::1 - Error: Token de acceso inválido o expirado","service":"focus-up-backend","timestamp":"2025-10-28 14:51:33"}
{"error":"relation \"usuario\" does not exist","level":"error","message":"Error en UserService.createUser:","service":"focus-up-backend","stack":"QueryFailedError: relation \"usuario\" does not exist\n    at PostgresQueryRunner.query (C:\\Users\\juand\\OneDrive\\Documents\\Actividades Sena\\9. Proyecto\\5. Quinto Trimestre\\Focus-Up-BackEnd\\src\\driver\\postgres\\PostgresQueryRunner.ts:325:19)\n    at processTicksAndRejections (node:internal/process/task_queues:105:5)\n    at SelectQueryBuilder.loadRawResults (C:\\Users\\juand\\OneDrive\\Documents\\Actividades Sena\\9. Proyecto\\5. Quinto Trimestre\\Focus-Up-BackEnd\\src\\query-builder\\SelectQueryBuilder.ts:3863:25)\n    at SelectQueryBuilder.executeCountQuery (C:\\Users\\juand\\OneDrive\\Documents\\Actividades Sena\\9. Proyecto\\5. Quinto Trimestre\\Focus-Up-BackEnd\\src\\query-builder\\SelectQueryBuilder.ts:3097:25)\n    at SelectQueryBuilder.getCount (C:\\Users\\juand\\OneDrive\\Documents\\Actividades Sena\\9. Proyecto\\5. Quinto Trimestre\\Focus-Up-BackEnd\\src\\query-builder\\SelectQueryBuilder.ts:1786:29)\n    at UserService.createUser (C:\\Users\\juand\\OneDrive\\Documents\\Actividades Sena\\9. Proyecto\\5. Quinto Trimestre\\Focus-Up-BackEnd\\src\\services\\UserService.ts:89:10)\n    at UserController.createUser (C:\\Users\\juand\\OneDrive\\Documents\\Actividades Sena\\9. Proyecto\\5. Quinto Trimestre\\Focus-Up-BackEnd\\src\\controllers\\UserController.ts:21:22)","timestamp":"2025-10-28 14:52:56"}
{"level":"info","message":"Auth header received: missing for GET /api/v1/beneficios","service":"focus-up-backend","timestamp":"2025-10-28 15:05:17"}
{"level":"info","message":"Token extracted: missing","service":"focus-up-backend","timestamp":"2025-10-28 15:05:17"}
{"level":"warn","message":"Acceso no autorizado - Token faltante: GET /api/v1/beneficios desde ::1","service":"focus-up-backend","timestamp":"2025-10-28 15:05:17"}
